<?xml version="1.0" encoding="UTF-8"?>
<!-- Generated by org.testng.reporters.JUnitReportReporter -->
<testsuite skipped="0" hostname="GIRESH" name="jsonExamples.NestedJsonDemo" tests="1" failures="0" timestamp="04 Feb 2022 14:52:22 GMT" time="3.263" errors="0">
  <testcase name="nestedJson" time="3.263" classname="jsonExamples.NestedJsonDemo"/>
</testsuite> <!-- jsonExamples.NestedJsonDemo -->
