<?xml version="1.0" encoding="UTF-8"?>
<!-- Generated by org.testng.reporters.JUnitReportReporter -->
<testsuite skipped="0" hostname="GIRESH" name="testNgRest.ResponseSpecification" tests="1" failures="0" timestamp="03 Feb 2022 16:27:05 GMT" time="5.431" errors="0">
  <testcase name="createBooking1" time="5.431" classname="testNgRest.ResponseSpecification"/>
</testsuite> <!-- testNgRest.ResponseSpecification -->
