<?xml version="1.0" encoding="UTF-8"?>
<!-- Generated by org.testng.reporters.JUnitReportReporter -->
<testsuite skipped="0" hostname="GIRESH" name="jsonExamples.JsonArrayDemoAndNestedArray" tests="1" failures="0" timestamp="04 Feb 2022 15:15:57 GMT" time="4.592" errors="0">
  <testcase name="JsonArrayDemo2" time="4.592" classname="jsonExamples.JsonArrayDemoAndNestedArray"/>
</testsuite> <!-- jsonExamples.JsonArrayDemoAndNestedArray -->
