<?xml version="1.0" encoding="UTF-8"?>
<!-- Generated by org.testng.reporters.JUnitReportReporter -->
<testsuite skipped="0" hostname="GIRESH" name="testNgRest.OverWriteHeaders" tests="1" failures="0" timestamp="04 Feb 2022 09:53:32 GMT" time="21.933" errors="0">
  <testcase name="passHeader" time="21.933" classname="testNgRest.OverWriteHeaders"/>
</testsuite> <!-- testNgRest.OverWriteHeaders -->
