<?xml version="1.0" encoding="UTF-8"?>
<!-- Generated by org.testng.reporters.JUnitReportReporter -->
<testsuite skipped="0" hostname="GIRESH" name="testNgRest.HeaderInAPI" tests="1" failures="0" timestamp="04 Feb 2022 08:54:23 GMT" time="52.100" errors="0">
  <testcase name="passHeader" time="52.100" classname="testNgRest.HeaderInAPI"/>
</testsuite> <!-- testNgRest.HeaderInAPI -->
