<?xml version="1.0" encoding="UTF-8"?>
<!-- Generated by org.testng.reporters.JUnitReportReporter -->
<testsuite skipped="0" hostname="GIRESH" name="jsonExamples.JsonDemo" tests="1" failures="0" timestamp="04 Feb 2022 10:39:53 GMT" time="4.086" errors="0">
  <testcase name="JsonPathDemo" time="4.086" classname="jsonExamples.JsonDemo"/>
</testsuite> <!-- jsonExamples.JsonDemo -->
