<?xml version="1.0" encoding="UTF-8"?>
<!-- Generated by org.testng.reporters.JUnitReportReporter -->
<testsuite skipped="0" hostname="GIRESH" name="testNgRest.MultipleBookings" tests="2" failures="0" timestamp="03 Feb 2022 16:20:15 GMT" time="6.551" errors="0">
  <testcase name="createBooking1" time="5.040" classname="testNgRest.MultipleBookings"/>
  <testcase name="createBooking2" time="1.511" classname="testNgRest.MultipleBookings"/>
</testsuite> <!-- testNgRest.MultipleBookings -->
