<?xml version="1.0" encoding="UTF-8"?>
<!-- Generated by org.testng.reporters.JUnitReportReporter -->
<testsuite skipped="0" hostname="GIRESH" name="testNg.Dataprovider" tests="3" failures="0" timestamp="01 May 2020 23:47:19 GMT" time="0.018" errors="0">
  <testcase name="f" time="0.014" classname="testNg.Dataprovider"/>
  <testcase name="f" time="0.002" classname="testNg.Dataprovider"/>
  <testcase name="f" time="0.002" classname="testNg.Dataprovider"/>
</testsuite> <!-- testNg.Dataprovider -->
