<?xml version="1.0" encoding="UTF-8"?>
<!-- Generated by org.testng.reporters.JUnitReportReporter -->
<testsuite skipped="0" hostname="GIRESH" name="testNg.NewTest" tests="1" failures="0" timestamp="01 May 2020 23:05:52 GMT" time="0.028" errors="0">
  <testcase name="f" time="0.028" classname="testNg.NewTest"/>
</testsuite> <!-- testNg.NewTest -->
