<?xml version="1.0" encoding="UTF-8"?>
<!-- Generated by org.testng.reporters.JUnitReportReporter -->
<testsuite skipped="0" hostname="GIRESH" name="testNg.Parameter" tests="1" failures="0" timestamp="01 May 2020 23:28:42 GMT" time="0.006" errors="0">
  <testcase name="test" time="0.006" classname="testNg.Parameter"/>
</testsuite> <!-- testNg.Parameter -->
