<?xml version="1.0" encoding="UTF-8"?>
<!-- Generated by org.testng.reporters.JUnitReportReporter -->
<testsuite hostname="GIRESH" name="jenkins.TestJenkins" tests="1" failures="0" timestamp="3 Jan 2022 08:49:19 GMT" time="88.740" errors="0">
  <testcase name="openGoogle" time="88.740" classname="jenkins.TestJenkins"/>
</testsuite> <!-- jenkins.TestJenkins -->
