<?xml version="1.0" encoding="UTF-8"?>
<!-- Generated by org.testng.reporters.JUnitReportReporter -->
<testsuite skipped="0" hostname="GIRESH" name="Test1" tests="2" failures="0" timestamp="26 Dec 2021 14:56:38 GMT" time="0.044" errors="0">
  <testcase name="Test3" time="0.036" classname="Test1"/>
  <testcase name="Test4" time="0.008" classname="Test1"/>
</testsuite> <!-- Test1 -->
