<?xml version="1.0" encoding="UTF-8"?>
<!-- Generated by org.testng.reporters.JUnitReportReporter -->
<testsuite skipped="0" hostname="GIRESH" name="Annonations" tests="2" failures="0" timestamp="30 Sep 2021 13:09:21 GMT" time="0.040" errors="0">
  <testcase name="Test2" time="0.010" classname="Annonations"/>
  <testcase name="Test1" time="0.030" classname="Annonations"/>
</testsuite> <!-- Annonations -->
