<?xml version="1.0" encoding="UTF-8"?>
<!-- Generated by org.testng.reporters.JUnitReportReporter -->
<testsuite skipped="0" hostname="GIRESH" name="TestJenkins" tests="1" failures="0" timestamp="02 Jan 2019 15:17:23 GMT" time="24.225" errors="0">
  <testcase name="openGoogle" time="24.225" classname="TestJenkins"/>
</testsuite> <!-- TestJenkins -->
